GROUP,PACKAGE,CLASS,INSTRUCTION_MISSED,INSTRUCTION_COVERED,BRANCH_MISSED,BRANCH_COVERED,LINE_MISSED,LINE_COVERED,COMPLEXITY_MISSED,COMPLEXITY_COVERED,METHOD_MISSED,METHOD_COVERED
MatchingEngine,default,Order,23,258,9,23,4,57,9,20,0,13
MatchingEngine,default,Trade,4,109,1,1,0,26,1,4,0,4
MatchingEngine,default,Broker,16,204,5,13,3,45,5,16,0,12
MatchingEngine,default,OrderBook,64,285,8,22,12,68,10,24,2,17
MatchingEngine,default,Shareholder,46,215,7,15,7,48,7,16,0,12
MatchingEngine,default,Environment,0,170,0,12,0,39,0,17,0,11
MatchingEngine,default,MatchingEngine,12,410,13,53,2,91,12,32,0,11
