GROUP,PACKAGE,CLASS,INSTRUCTION_MISSED,INSTRUCTION_COVERED,BRANCH_MISSED,BRANCH_COVERED,LINE_MISSED,LINE_COVERED,COMPLEXITY_MISSED,COMPLEXITY_COVERED,METHOD_MISSED,METHOD_COVERED
MatchingEngine,default,Order,3,278,7,25,0,61,7,22,0,13
MatchingEngine,default,Trade,0,109,0,2,0,25,0,5,0,4
MatchingEngine,default,Broker,2,218,2,16,1,47,2,19,0,12
MatchingEngine,default,OrderBook,21,328,2,28,3,77,3,31,1,18
MatchingEngine,default,Shareholder,17,244,4,18,3,52,4,19,0,12
MatchingEngine,default,Environment,2,168,1,11,1,38,1,16,0,11
MatchingEngine,default,MatchingEngine,4,418,11,55,0,93,10,34,0,11
