GROUP,PACKAGE,CLASS,INSTRUCTION_MISSED,INSTRUCTION_COVERED,BRANCH_MISSED,BRANCH_COVERED,LINE_MISSED,LINE_COVERED,COMPLEXITY_MISSED,COMPLEXITY_COVERED,METHOD_MISSED,METHOD_COVERED
MatchingEngine,matchingEngine,MatchingEngine,4.2,379.8,2.7,61.3,0.6,86.4,2.4,40.6,0,11
MatchingEngine,matchingEngine,Environment,0.5,129.5,1.1,10.9,0.2,28.8,1.1,15.9,0,11
MatchingEngine,matchingEngine,OrderBook,28.2,265.8,2.8,25.2,5.2,64.8,3.8,30.2,1.6,18.4
MatchingEngine,matchingEngine,Order,0,249,0.3,39.7,0,49,0.3,32.7,0,13
MatchingEngine,matchingEngine,Broker,0,176,1.1,16.9,0,37,1.1,19.9,0,12
MatchingEngine,matchingEngine,Shareholder,15.4,201.6,2.2,19.8,2.2,41.8,2.2,20.8,0,12
MatchingEngine,matchingEngine,Trade,0.8,96.2,0.2,1.8,0.2,23.8,0.2,4.8,0,4
