<?xml version="1.0" encoding="UTF-8" standalone="yes"?><!DOCTYPE report PUBLIC "-//JACOCO//DTD Report 1.1//EN" "report.dtd"><report name="MatchingEngine"><sessioninfo id="Arch-f16530.5a3.5" start="2147483621474836" dump="2147483621474836"/><package name=""><class name="Order" sourcefilename="Order.java"><method name="&lt;init&gt;" desc="(IIIIZIZI)V" line="54.5"><counter type="INSTRUCTION" missed="10.5" covered="21"/><counter type="LINE" missed="21" covered="7"/><counter type="COMPLEXITY" missed="7" covered="0.5"/><counter type="METHOD" missed="0.5" covered="0.5"/></method><method name="reset_order_counter" desc="()V" line="19"><counter type="INSTRUCTION" missed="18.5" covered="3"/><counter type="LINE" missed="3" covered="1"/><counter type="COMPLEXITY" missed="1" covered="0.5"/><counter type="METHOD" missed="0.5" covered="0.5"/></method><method name="new_cancel_order" desc="()V" line="21"><counter type="INSTRUCTION" missed="20.5" covered="2"/><counter type="LINE" missed="2" covered="1"/><counter type="COMPLEXITY" missed="1" covered="0.5"/><counter type="METHOD" missed="0.5" covered="0.5"/></method><method name="value" desc="()I" line="23"><counter type="INSTRUCTION" missed="22.5" covered="3"/><counter type="LINE" missed="3" covered="0.5"/><counter type="COMPLEXITY" missed="0.5" covered="0.5"/><counter type="METHOD" missed="0.5" covered="0.5"/></method><method name="order_added_to_queue" desc="()V" line="25"><counter type="INSTRUCTION" missed="24.5" covered="7"/><counter type="LINE" missed="7" covered="2.5"/><counter type="COMPLEXITY" missed="2.5" covered="0.5"/><counter type="METHOD" missed="0.5" covered="0.5"/></method><method name="order_removed_from_queue" desc="()V" line="28.5"><counter type="INSTRUCTION" missed="28" covered="6"/><counter type="LINE" missed="6" covered="2"/><counter type="COMPLEXITY" missed="2" covered="0.5"/><counter type="METHOD" missed="0.5" covered="0.5"/></method><method name="set_disclosed_quantity" desc="()V" line="31.5"><counter type="INSTRUCTION" missed="31" covered="8.5"/><counter type="BRANCH" missed="8.5" covered="1"/><counter type="LINE" missed="1" covered="1.5"/><counter type="COMPLEXITY" missed="1.5" covered="1"/><counter type="METHOD" missed="1" covered="0.5"/></method><method name="has_valid_attrs" desc="()Z" line="34"><counter type="INSTRUCTION" missed="35" covered="17.5"/><counter type="BRANCH" missed="19" covered="7"/><counter type="LINE" missed="4" covered="1.5"/><counter type="COMPLEXITY" missed="4.5" covered="4"/><counter type="METHOD" missed="1" covered="0.5"/></method><method name="get_maximum_quantity_to_trade" desc="()I" line="37"><counter type="INSTRUCTION" missed="36.5" covered="4.5"/><counter type="BRANCH" missed="4.5" covered="1"/><counter type="LINE" missed="1" covered="0.5"/><counter type="COMPLEXITY" missed="0.5" covered="1"/><counter type="METHOD" missed="1" covered="0.5"/></method><method name="update_order_quantities" desc="(LTrade;)V" line="39"><counter type="INSTRUCTION" missed="38.5" covered="11.5"/><counter type="BRANCH" missed="11.5" covered="2"/><counter type="LINE" missed="2" covered="2.5"/><counter type="COMPLEXITY" missed="2.5" covered="1.5"/><counter type="METHOD" missed="1.5" covered="0.5"/></method><method name="rollback_update_order_quantities" desc="(LTrade;)V" line="43"><counter type="INSTRUCTION" missed="42.5" covered="11.5"/><counter type="BRANCH" missed="11.5" covered="2"/><counter type="LINE" missed="2" covered="2.5"/><counter type="COMPLEXITY" missed="2.5" covered="1.5"/><counter type="METHOD" missed="1.5" covered="0.5"/></method><method name="toString" desc="()Ljava/lang/String;" line="47.5"><counter type="INSTRUCTION" missed="47" covered="18"/><counter type="BRANCH" missed="18" covered="3"/><counter type="LINE" missed="3" covered="1.5"/><counter type="COMPLEXITY" missed="1.5" covered="2"/><counter type="METHOD" missed="2" covered="0.5"/></method><method name="&lt;clinit&gt;" desc="()V" line="4"><counter type="INSTRUCTION" missed="3.5" covered="3"/><counter type="LINE" missed="3" covered="0.5"/><counter type="COMPLEXITY" missed="0.5" covered="0.5"/><counter type="METHOD" missed="0.5" covered="0.5"/></method><counter type="INSTRUCTION" missed="2" covered="116.5"/><counter type="BRANCH" missed="118" covered="16"/><counter type="LINE" missed="13" covered="24.5"/><counter type="COMPLEXITY" missed="27.5" covered="14.5"/><counter type="METHOD" missed="11.5" covered="6.5"/><counter type="CLASS" missed="6.5" covered="0.5"/></class><class name="Trade" sourcefilename="Trade.java"><method name="&lt;init&gt;" desc="(ILOrder;LOrder;)V" line="5.5"><counter type="INSTRUCTION" missed="5" covered="22"/><counter type="LINE" missed="22" covered="6.5"/><counter type="COMPLEXITY" missed="6.5" covered="0.5"/><counter type="METHOD" missed="0.5" covered="0.5"/></method><method name="toString" desc="()Ljava/lang/String;" line="14.5"><counter type="INSTRUCTION" missed="14" covered="6"/><counter type="LINE" missed="6" covered="0.5"/><counter type="COMPLEXITY" missed="0.5" covered="0.5"/><counter type="METHOD" missed="0.5" covered="0.5"/></method><method name="get_price" desc="()I" line="16.5"><counter type="INSTRUCTION" missed="16" covered="6"/><counter type="BRANCH" missed="6" covered="1"/><counter type="LINE" missed="1" covered="0.5"/><counter type="COMPLEXITY" missed="0.5" covered="1"/><counter type="METHOD" missed="1" covered="0.5"/></method><method name="rollback_trade" desc="()V" line="18.5"><counter type="INSTRUCTION" missed="18" covered="14.5"/><counter type="LINE" missed="14.5" covered="3.5"/><counter type="COMPLEXITY" missed="3.5" covered="0.5"/><counter type="METHOD" missed="0.5" covered="0.5"/></method><counter type="INSTRUCTION" missed="0.5" covered="48.5"/><counter type="BRANCH" missed="48.5" covered="1"/><counter type="LINE" missed="1" covered="11"/><counter type="COMPLEXITY" missed="11" covered="2.5"/><counter type="METHOD" missed="2.5" covered="2"/><counter type="CLASS" missed="2" covered="0.5"/></class><class name="RT" sourcefilename="RT.java"><method name="&lt;init&gt;" desc="()V" line="1"><counter type="INSTRUCTION" missed="2" covered="1.5"/><counter type="LINE" missed="0.5" covered="0.5"/><counter type="COMPLEXITY" missed="0.5" covered="0.5"/><counter type="METHOD" missed="0.5" covered="0.5"/></method><method name="best_candidate" desc="([LTestCase;)LTestCase;" line="2"><counter type="INSTRUCTION" missed="5.5" covered="3.5"/><counter type="LINE" missed="0.5" covered="0.5"/><counter type="COMPLEXITY" missed="0.5" covered="0.5"/><counter type="METHOD" missed="0.5" covered="0.5"/></method><counter type="INSTRUCTION" missed="5" covered="5"/><counter type="LINE" missed="1" covered="1"/><counter type="COMPLEXITY" missed="1" covered="1"/><counter type="METHOD" missed="1" covered="1"/><counter type="CLASS" missed="0.5" covered="0.5"/></class><class name="Broker" sourcefilename="Broker.java"><method name="&lt;init&gt;" desc="(II)V" line="5"><counter type="INSTRUCTION" missed="5" covered="8"/><counter type="LINE" missed="8" covered="3"/><counter type="COMPLEXITY" missed="3" covered="0.5"/><counter type="METHOD" missed="0.5" covered="0.5"/></method><method name="toString" desc="()Ljava/lang/String;" line="10"><counter type="INSTRUCTION" missed="9.5" covered="3"/><counter type="LINE" missed="3" covered="0.5"/><counter type="COMPLEXITY" missed="0.5" covered="0.5"/><counter type="METHOD" missed="0.5" covered="0.5"/></method><method name="get_broker_by_id" desc="(I)LBroker;" line="12"><counter type="INSTRUCTION" missed="12.5" covered="9.5"/><counter type="BRANCH" missed="9" covered="2"/><counter type="LINE" missed="2" covered="2"/><counter type="COMPLEXITY" missed="2" covered="1.5"/><counter type="METHOD" missed="1" covered="0.5"/></method><method name="print_credits" desc="()Ljava/lang/String;" line="15.5"><counter type="INSTRUCTION" missed="15" covered="14"/><counter type="BRANCH" missed="14" covered="1"/><counter type="LINE" missed="1" covered="2"/><counter type="COMPLEXITY" missed="2" covered="1"/><counter type="METHOD" missed="1" covered="0.5"/></method><method name="added_new_order" desc="(LOrder;)V" line="19"><counter type="INSTRUCTION" missed="18.5" covered="5.5"/><counter type="BRANCH" missed="5.5" covered="1"/><counter type="LINE" missed="1" covered="1.5"/><counter type="COMPLEXITY" missed="1.5" covered="1"/><counter type="METHOD" missed="1" covered="0.5"/></method><method name="deleted_old_order" desc="(LOrder;)V" line="21.5"><counter type="INSTRUCTION" missed="21" covered="5.5"/><counter type="BRANCH" missed="5.5" covered="1"/><counter type="LINE" missed="1" covered="1.5"/><counter type="COMPLEXITY" missed="1.5" covered="1"/><counter type="METHOD" missed="1" covered="0.5"/></method><method name="increase_credit" desc="(LTrade;)V" line="24"><counter type="INSTRUCTION" missed="23.5" covered="7.5"/><counter type="LINE" missed="7.5" covered="1.5"/><counter type="COMPLEXITY" missed="1.5" covered="0.5"/><counter type="METHOD" missed="0.5" covered="0.5"/></method><method name="decrease_credit" desc="(LTrade;)V" line="26.5"><counter type="INSTRUCTION" missed="26" covered="9.5"/><counter type="BRANCH" missed="9.5" covered="1"/><counter type="LINE" missed="1" covered="2"/><counter type="COMPLEXITY" missed="2" covered="1"/><counter type="METHOD" missed="1" covered="0.5"/></method><method name="credit_validation" desc="(LOrder;)Z" line="29.5"><counter type="INSTRUCTION" missed="29" covered="6"/><counter type="BRANCH" missed="6" covered="2"/><counter type="LINE" missed="2" covered="0.5"/><counter type="COMPLEXITY" missed="0.5" covered="1.5"/><counter type="METHOD" missed="1.5" covered="0.5"/></method><method name="rollback_increase_credit" desc="(LTrade;)V" line="31.5"><counter type="INSTRUCTION" missed="31" covered="7.5"/><counter type="LINE" missed="7.5" covered="1.5"/><counter type="COMPLEXITY" missed="1.5" covered="0.5"/><counter type="METHOD" missed="0.5" covered="0.5"/></method><method name="rollback_decrease_credit" desc="(LTrade;)V" line="34"><counter type="INSTRUCTION" missed="33.5" covered="9.5"/><counter type="BRANCH" missed="9.5" covered="1.5"/><counter type="LINE" missed="0.5" covered="2"/><counter type="COMPLEXITY" missed="2" covered="1.5"/><counter type="METHOD" missed="0.5" covered="0.5"/></method><method name="&lt;clinit&gt;" desc="()V" line="3.5"><counter type="INSTRUCTION" missed="3" covered="2.5"/><counter type="LINE" missed="2.5" covered="0.5"/><counter type="COMPLEXITY" missed="0.5" covered="0.5"/><counter type="METHOD" missed="0.5" covered="0.5"/></method><counter type="INSTRUCTION" missed="1.5" covered="88"/><counter type="BRANCH" missed="87.5" covered="9.5"/><counter type="LINE" missed="8.5" covered="18.5"/><counter type="COMPLEXITY" missed="18.5" covered="11"/><counter type="METHOD" missed="9.5" covered="6"/><counter type="CLASS" missed="6" covered="0.5"/></class><class name="ART_ISP" sourcefilename="ART_ISP.java"><method name="&lt;init&gt;" desc="()V" line="1"><counter type="INSTRUCTION" missed="2" covered="1.5"/><counter type="LINE" missed="0.5" covered="0.5"/><counter type="COMPLEXITY" missed="0.5" covered="0.5"/><counter type="METHOD" missed="0.5" covered="0.5"/></method><method name="best_candidate" desc="([LTestCase;)LTestCase;" line="2"><counter type="INSTRUCTION" missed="21.5" covered="19.5"/><counter type="BRANCH" missed="2" covered="2"/><counter type="LINE" missed="4.5" covered="4.5"/><counter type="COMPLEXITY" missed="1.5" covered="1.5"/><counter type="METHOD" missed="0.5" covered="0.5"/></method><counter type="INSTRUCTION" missed="21" covered="21"/><counter type="BRANCH" missed="2" covered="2"/><counter type="LINE" missed="5" covered="5"/><counter type="COMPLEXITY" missed="2" covered="2"/><counter type="METHOD" missed="1" covered="1"/><counter type="CLASS" missed="0.5" covered="0.5"/></class><class name="OrderBook" sourcefilename="OrderBook.java"><method name="&lt;init&gt;" desc="()V" line="3"><counter type="INSTRUCTION" missed="3" covered="6.5"/><counter type="LINE" missed="6.5" covered="1.5"/><counter type="COMPLEXITY" missed="1.5" covered="0.5"/><counter type="METHOD" missed="0.5" covered="0.5"/></method><method name="orders_toString" desc="(Ljava/util/ArrayList;)Ljava/lang/String;" line="6"><counter type="INSTRUCTION" missed="5.5" covered="11.5"/><counter type="BRANCH" missed="11.5" covered="1"/><counter type="LINE" missed="1" covered="2"/><counter type="COMPLEXITY" missed="2" covered="1"/><counter type="METHOD" missed="1" covered="0.5"/></method><method name="toString" desc="()Ljava/lang/String;" line="10"><counter type="INSTRUCTION" missed="9.5" covered="8.5"/><counter type="LINE" missed="8.5" covered="1"/><counter type="COMPLEXITY" missed="1" covered="0.5"/><counter type="METHOD" missed="0.5" covered="0.5"/></method><method name="add_order" desc="(LOrder;)V" line="12.5"><counter type="INSTRUCTION" missed="12" covered="10.5"/><counter type="BRANCH" missed="10.5" covered="1"/><counter type="LINE" missed="1" covered="3.5"/><counter type="COMPLEXITY" missed="3.5" covered="1"/><counter type="METHOD" missed="1" covered="0.5"/></method><method name="remove_order" desc="(LOrder;)V" line="18.5"><counter type="INSTRUCTION" missed="18" covered="10.5"/><counter type="BRANCH" missed="10.5" covered="1"/><counter type="LINE" missed="1" covered="3.5"/><counter type="COMPLEXITY" missed="3.5" covered="1"/><counter type="METHOD" missed="1" covered="0.5"/></method><method name="sort_buy_orders" desc="()V" line="24.5"><counter type="INSTRUCTION" missed="24" covered="2.5"/><counter type="LINE" missed="2.5" covered="1"/><counter type="COMPLEXITY" missed="1" covered="0.5"/><counter type="METHOD" missed="0.5" covered="0.5"/></method><method name="sort_sell_orders" desc="()V" line="26.5"><counter type="INSTRUCTION" missed="26" covered="3"/><counter type="LINE" missed="3" covered="1"/><counter type="COMPLEXITY" missed="1" covered="0.5"/><counter type="METHOD" missed="0.5" covered="0.5"/></method><method name="get_first_with_positive_quantity" desc="(Ljava/util/ArrayList;)LOrder;" line="28.5"><counter type="INSTRUCTION" missed="28" covered="9"/><counter type="BRANCH" missed="9" covered="2"/><counter type="LINE" missed="2" covered="2"/><counter type="COMPLEXITY" missed="2" covered="1.5"/><counter type="METHOD" missed="1.5" covered="0.5"/></method><method name="get_first_buy_order" desc="()LOrder;" line="32"><counter type="INSTRUCTION" missed="31.5" covered="2.5"/><counter type="LINE" missed="2.5" covered="0.5"/><counter type="COMPLEXITY" missed="0.5" covered="0.5"/><counter type="METHOD" missed="0.5" covered="0.5"/></method><method name="get_first_sell_order" desc="()LOrder;" line="34"><counter type="INSTRUCTION" missed="33.5" covered="2.5"/><counter type="LINE" missed="2.5" covered="0.5"/><counter type="COMPLEXITY" missed="0.5" covered="0.5"/><counter type="METHOD" missed="0.5" covered="0.5"/></method><method name="remove_empty_orders" desc="()V" line="36"><counter type="INSTRUCTION" missed="35.5" covered="4.5"/><counter type="LINE" missed="4.5" covered="1.5"/><counter type="COMPLEXITY" missed="1.5" covered="0.5"/><counter type="METHOD" missed="0.5" covered="0.5"/></method><method name="remove_empty_orders" desc="(Ljava/util/ArrayList;)V" line="38.5"><counter type="INSTRUCTION" missed="38" covered="11"/><counter type="BRANCH" missed="11" covered="2"/><counter type="LINE" missed="2" covered="3"/><counter type="COMPLEXITY" missed="3" covered="1.5"/><counter type="METHOD" missed="1.5" covered="0.5"/></method><method name="rollback_order_book" desc="(LTrade;)V" line="43.5"><counter type="INSTRUCTION" missed="43" covered="21.5"/><counter type="BRANCH" missed="8.5" covered="1.5"/><counter type="LINE" missed="0.5" covered="4"/><counter type="COMPLEXITY" missed="2" covered="1.5"/><counter type="METHOD" missed="0.5" covered="0.5"/></method><method name="get_order" desc="(Ljava/util/ArrayList;I)LOrder;" line="49"><counter type="INSTRUCTION" missed="48.5" covered="9.5"/><counter type="BRANCH" missed="9.5" covered="2"/><counter type="LINE" missed="2" covered="2"/><counter type="COMPLEXITY" missed="2" covered="1.5"/><counter type="METHOD" missed="1.5" covered="0.5"/></method><method name="get_order" desc="(I)LOrder;" line="52.5"><counter type="INSTRUCTION" missed="53" covered="8"/><counter type="BRANCH" missed="7.5" covered="1"/><counter type="LINE" missed="0.5" covered="1"/><counter type="COMPLEXITY" missed="1.5" covered="1"/><counter type="METHOD" missed="0.5" covered="0.5"/></method><method name="get_order_index" desc="(LOrder;)I" line="55"><counter type="INSTRUCTION" missed="57" covered="26.5"/><counter type="BRANCH" missed="1" covered="5"/><counter type="LINE" missed="0.5" covered="4.5"/><counter type="COMPLEXITY" missed="1" covered="3"/><counter type="METHOD" missed="0" covered="1"/></method><method name="insert_order" desc="(LOrder;I)V" line="58.5"><counter type="INSTRUCTION" missed="61.5" covered="14"/><counter type="BRANCH" missed="0.5" covered="1.5"/><counter type="LINE" missed="0.5" covered="4.5"/><counter type="COMPLEXITY" missed="0.5" covered="1.5"/><counter type="METHOD" missed="0" covered="1"/></method><method name="lambda$sort_sell_orders$0.5" desc="(LOrder;)I" line="26.5"><counter type="INSTRUCTION" missed="26" covered="1.5"/><counter type="LINE" missed="1.5" covered="0.5"/><counter type="COMPLEXITY" missed="0.5" covered="0.5"/><counter type="METHOD" missed="0.5" covered="0.5"/></method><method name="lambda$sort_buy_orders$0.5" desc="(LOrder;LOrder;)I" line="24"><counter type="INSTRUCTION" missed="27" covered="3"/><counter type="LINE" missed="0.5" covered="0.5"/><counter type="COMPLEXITY" missed="0.5" covered="0.5"/><counter type="METHOD" missed="0.5" covered="0.5"/></method><counter type="INSTRUCTION" missed="9.5" covered="166.5"/><counter type="BRANCH" missed="111" covered="18"/><counter type="LINE" missed="11" covered="37"/><counter type="COMPLEXITY" missed="28.5" covered="19"/><counter type="METHOD" missed="13" covered="10.5"/><counter type="CLASS" missed="8" covered="0.5"/></class><class name="Shareholder" sourcefilename="Shareholder.java"><method name="&lt;init&gt;" desc="(II)V" line="6.5"><counter type="INSTRUCTION" missed="6" covered="9.5"/><counter type="LINE" missed="9.5" covered="3.5"/><counter type="COMPLEXITY" missed="3.5" covered="0.5"/><counter type="METHOD" missed="0.5" covered="0.5"/></method><method name="toString" desc="()Ljava/lang/String;" line="11.5"><counter type="INSTRUCTION" missed="11" covered="3"/><counter type="LINE" missed="3" covered="0.5"/><counter type="COMPLEXITY" missed="0.5" covered="0.5"/><counter type="METHOD" missed="0.5" covered="0.5"/></method><method name="get_shareholder_by_id" desc="(I)LShareholder;" line="13.5"><counter type="INSTRUCTION" missed="14" covered="9.5"/><counter type="BRANCH" missed="9" covered="2"/><counter type="LINE" missed="2" covered="2"/><counter type="COMPLEXITY" missed="2" covered="1.5"/><counter type="METHOD" missed="1" covered="0.5"/></method><method name="print_ownerships" desc="()Ljava/lang/String;" line="17"><counter type="INSTRUCTION" missed="16.5" covered="14"/><counter type="BRANCH" missed="14" covered="1"/><counter type="LINE" missed="1" covered="2"/><counter type="COMPLEXITY" missed="2" covered="1"/><counter type="METHOD" missed="1" covered="0.5"/></method><method name="added_new_order" desc="(LOrder;)V" line="20.5"><counter type="INSTRUCTION" missed="20" covered="9.5"/><counter type="BRANCH" missed="9.5" covered="1"/><counter type="LINE" missed="1" covered="2"/><counter type="COMPLEXITY" missed="2" covered="1"/><counter type="METHOD" missed="1" covered="0.5"/></method><method name="deleted_old_order" desc="(LOrder;)V" line="24"><counter type="INSTRUCTION" missed="23.5" covered="9.5"/><counter type="BRANCH" missed="9.5" covered="1"/><counter type="LINE" missed="1" covered="2"/><counter type="COMPLEXITY" missed="2" covered="1"/><counter type="METHOD" missed="1" covered="0.5"/></method><method name="increase_ownership" desc="(LTrade;)V" line="27.5"><counter type="INSTRUCTION" missed="27" covered="13"/><counter type="BRANCH" missed="13" covered="1"/><counter type="LINE" missed="1" covered="2.5"/><counter type="COMPLEXITY" missed="2.5" covered="1"/><counter type="METHOD" missed="1" covered="0.5"/></method><method name="decrease_ownership" desc="(LTrade;)V" line="31"><counter type="INSTRUCTION" missed="30.5" covered="9.5"/><counter type="BRANCH" missed="9.5" covered="1"/><counter type="LINE" missed="1" covered="2"/><counter type="COMPLEXITY" missed="2" covered="1"/><counter type="METHOD" missed="1" covered="0.5"/></method><method name="ownership_validation" desc="(LOrder;)Z" line="34"><counter type="INSTRUCTION" missed="33.5" covered="6.5"/><counter type="BRANCH" missed="5.5" covered="2.5"/><counter type="LINE" missed="1.5" covered="0.5"/><counter type="COMPLEXITY" missed="0.5" covered="2"/><counter type="METHOD" missed="1" covered="0.5"/></method><method name="rollback_increase_ownership" desc="(LTrade;)V" line="36"><counter type="INSTRUCTION" missed="35.5" covered="16.5"/><counter type="BRANCH" missed="9.5" covered="1.5"/><counter type="LINE" missed="0.5" covered="3"/><counter type="COMPLEXITY" missed="2" covered="1.5"/><counter type="METHOD" missed="0.5" covered="0.5"/></method><method name="rollback_decrease_ownership" desc="(LTrade;)V" line="39.5"><counter type="INSTRUCTION" missed="39" covered="13"/><counter type="BRANCH" missed="6" covered="1.5"/><counter type="LINE" missed="0.5" covered="2.5"/><counter type="COMPLEXITY" missed="1.5" covered="1.5"/><counter type="METHOD" missed="0.5" covered="0.5"/></method><method name="&lt;clinit&gt;" desc="()V" line="3.5"><counter type="INSTRUCTION" missed="3" covered="2.5"/><counter type="LINE" missed="2.5" covered="0.5"/><counter type="COMPLEXITY" missed="0.5" covered="0.5"/><counter type="METHOD" missed="0.5" covered="0.5"/></method><counter type="INSTRUCTION" missed="1.5" covered="116"/><counter type="BRANCH" missed="100.5" covered="12.5"/><counter type="LINE" missed="9.5" covered="23"/><counter type="COMPLEXITY" missed="21" covered="13"/><counter type="METHOD" missed="9.5" covered="6"/><counter type="CLASS" missed="6" covered="0.5"/></class><class name="SelectionMethod" sourcefilename="SelectionMethod.java"><method name="&lt;init&gt;" desc="()V" line="2"><counter type="INSTRUCTION" missed="3" covered="1.5"/><counter type="LINE" missed="0.5" covered="0.5"/><counter type="COMPLEXITY" missed="0.5" covered="0.5"/><counter type="METHOD" missed="0.5" covered="0.5"/></method><method name="best_candidate" desc="([LTestCase;)LTestCase;" line="3"><counter type="INSTRUCTION" missed="4" covered="1"/><counter type="LINE" missed="0.5" covered="0.5"/><counter type="COMPLEXITY" missed="0.5" covered="0.5"/><counter type="METHOD" missed="0.5" covered="0.5"/></method><method name="get_methods" desc="()Ljava/util/ArrayList;" line="5"><counter type="INSTRUCTION" missed="32" covered="27"/><counter type="BRANCH" missed="3" covered="3"/><counter type="LINE" missed="4.5" covered="4.5"/><counter type="COMPLEXITY" missed="2" covered="2"/><counter type="METHOD" missed="0.5" covered="0.5"/></method><counter type="INSTRUCTION" missed="29.5" covered="29.5"/><counter type="BRANCH" missed="3" covered="3"/><counter type="LINE" missed="5.5" covered="5.5"/><counter type="COMPLEXITY" missed="3" covered="3"/><counter type="METHOD" missed="1.5" covered="1.5"/><counter type="CLASS" missed="0.5" covered="0.5"/></class><class name="Environment" sourcefilename="Environment.java"><method name="&lt;init&gt;" desc="()V" line="2"><counter type="INSTRUCTION" missed="2" covered="1.5"/><counter type="LINE" missed="1.5" covered="0.5"/><counter type="COMPLEXITY" missed="0.5" covered="0.5"/><counter type="METHOD" missed="0.5" covered="0.5"/></method><method name="toString" desc="()Ljava/lang/String;" line="8"><counter type="INSTRUCTION" missed="7.5" covered="8"/><counter type="LINE" missed="8" covered="0.5"/><counter type="COMPLEXITY" missed="0.5" covered="0.5"/><counter type="METHOD" missed="0.5" covered="0.5"/></method><method name="set_tick_size_rq" desc="(I)V" line="13"><counter type="INSTRUCTION" missed="12.5" covered="2"/><counter type="LINE" missed="2" covered="1"/><counter type="COMPLEXITY" missed="1" covered="0.5"/><counter type="METHOD" missed="0.5" covered="0.5"/></method><method name="set_lot_size_rq" desc="(I)V" line="15"><counter type="INSTRUCTION" missed="14.5" covered="2"/><counter type="LINE" missed="2" covered="1"/><counter type="COMPLEXITY" missed="1" covered="0.5"/><counter type="METHOD" missed="0.5" covered="0.5"/></method><method name="set_reference_price_rq" desc="(I)V" line="17"><counter type="INSTRUCTION" missed="16.5" covered="2"/><counter type="LINE" missed="2" covered="1"/><counter type="COMPLEXITY" missed="1" covered="0.5"/><counter type="METHOD" missed="0.5" covered="0.5"/></method><method name="set_static_price_band_lower_limit_rq" desc="(F)V" line="19"><counter type="INSTRUCTION" missed="18.5" covered="2"/><counter type="LINE" missed="2" covered="1"/><counter type="COMPLEXITY" missed="1" covered="0.5"/><counter type="METHOD" missed="0.5" covered="0.5"/></method><method name="set_static_price_band_upper_limit_rq" desc="(F)V" line="21"><counter type="INSTRUCTION" missed="20.5" covered="2"/><counter type="LINE" missed="2" covered="1"/><counter type="COMPLEXITY" missed="1" covered="0.5"/><counter type="METHOD" missed="0.5" covered="0.5"/></method><method name="set_total_shares_rq" desc="(I)V" line="23"><counter type="INSTRUCTION" missed="22.5" covered="2"/><counter type="LINE" missed="2" covered="1"/><counter type="COMPLEXITY" missed="1" covered="0.5"/><counter type="METHOD" missed="0.5" covered="0.5"/></method><method name="set_ownership_upper_limit_rq" desc="(F)V" line="25"><counter type="INSTRUCTION" missed="24.5" covered="2"/><counter type="LINE" missed="2" covered="1"/><counter type="COMPLEXITY" missed="1" covered="0.5"/><counter type="METHOD" missed="0.5" covered="0.5"/></method><method name="validate_order_price_limit" desc="(LOrder;)Z" line="27"><counter type="INSTRUCTION" missed="27.5" covered="21"/><counter type="BRANCH" missed="20.5" covered="3"/><counter type="LINE" missed="3" covered="2.5"/><counter type="COMPLEXITY" missed="2.5" covered="2"/><counter type="METHOD" missed="1.5" covered="0.5"/></method><method name="validate_order_quantity_limit" desc="(LOrder;)Z" line="32"><counter type="INSTRUCTION" missed="31.5" covered="21.5"/><counter type="BRANCH" missed="19.5" covered="3.5"/><counter type="LINE" missed="2.5" covered="4.5"/><counter type="COMPLEXITY" missed="3.5" covered="2.5"/><counter type="METHOD" missed="1.5" covered="0.5"/></method><counter type="INSTRUCTION" missed="1.5" covered="66"/><counter type="BRANCH" missed="63.5" covered="6.5"/><counter type="LINE" missed="5.5" covered="15"/><counter type="COMPLEXITY" missed="14" covered="9"/><counter type="METHOD" missed="7.5" covered="5.5"/><counter type="CLASS" missed="5.5" covered="0.5"/></class><class name="MatchingEngine" sourcefilename="MatchingEngine.java"><method name="&lt;init&gt;" desc="(LEnvironment;)V" line="6.5"><counter type="INSTRUCTION" missed="6" covered="8"/><counter type="LINE" missed="8" covered="2.5"/><counter type="COMPLEXITY" missed="2.5" covered="0.5"/><counter type="METHOD" missed="0.5" covered="0.5"/></method><method name="new_request" desc="(Ljava/lang/String;LOrder;)V" line="10"><counter type="INSTRUCTION" missed="9.5" covered="10"/><counter type="BRANCH" missed="10" covered="1"/><counter type="LINE" missed="1" covered="2.5"/><counter type="COMPLEXITY" missed="2.5" covered="1"/><counter type="METHOD" missed="1" covered="0.5"/></method><method name="cancel_order_request" desc="(IZ)V" line="13.5"><counter type="INSTRUCTION" missed="13" covered="12.5"/><counter type="BRANCH" missed="13" covered="2"/><counter type="LINE" missed="1.5" covered="3.5"/><counter type="COMPLEXITY" missed="4" covered="1.5"/><counter type="METHOD" missed="1" covered="0.5"/></method><method name="replace_order_request" desc="(ILOrder;)V" line="19"><counter type="INSTRUCTION" missed="18.5" covered="44"/><counter type="BRANCH" missed="19.5" covered="7.5"/><counter type="LINE" missed="3" covered="9.5"/><counter type="COMPLEXITY" missed="4" covered="4.5"/><counter type="METHOD" missed="1" covered="0.5"/></method><method name="new_order_request" desc="(LOrder;)V" line="27.5"><counter type="INSTRUCTION" missed="27" covered="6"/><counter type="LINE" missed="6" covered="2"/><counter type="COMPLEXITY" missed="2" covered="0.5"/><counter type="METHOD" missed="0.5" covered="0.5"/></method><method name="get_total_traded_qty" desc="()I" line="30.5"><counter type="INSTRUCTION" missed="30" covered="10.5"/><counter type="BRANCH" missed="10.5" covered="1"/><counter type="LINE" missed="1" covered="2"/><counter type="COMPLEXITY" missed="2" covered="1"/><counter type="METHOD" missed="1" covered="0.5"/></method><method name="add_order" desc="(LOrder;)Ljava/lang/String;" line="34"><counter type="INSTRUCTION" missed="35.5" covered="32"/><counter type="BRANCH" missed="37" covered="11"/><counter type="LINE" missed="10" covered="7.5"/><counter type="COMPLEXITY" missed="10" covered="6"/><counter type="METHOD" missed="4.5" covered="0.5"/></method><method name="match" desc="(LOrder;)V" line="46.5"><counter type="INSTRUCTION" missed="46" covered="34"/><counter type="BRANCH" missed="34" covered="8"/><counter type="LINE" missed="8" covered="6.5"/><counter type="COMPLEXITY" missed="6.5" covered="4.5"/><counter type="METHOD" missed="4.5" covered="0.5"/></method><method name="rollback_by_trades" desc="()V" line="56.5"><counter type="INSTRUCTION" missed="56" covered="13.5"/><counter type="BRANCH" missed="13.5" covered="1"/><counter type="LINE" missed="1" covered="3.5"/><counter type="COMPLEXITY" missed="3.5" covered="1"/><counter type="METHOD" missed="1" covered="0.5"/></method><method name="toString" desc="()Ljava/lang/String;" line="61.5"><counter type="INSTRUCTION" missed="61" covered="16"/><counter type="BRANCH" missed="16" covered="1"/><counter type="LINE" missed="1" covered="3"/><counter type="COMPLEXITY" missed="3" covered="1"/><counter type="METHOD" missed="1" covered="0.5"/></method><method name="print_trades" desc="()Ljava/lang/String;" line="66"><counter type="INSTRUCTION" missed="65.5" covered="13.5"/><counter type="BRANCH" missed="13.5" covered="1"/><counter type="LINE" missed="1" covered="2"/><counter type="COMPLEXITY" missed="2" covered="1"/><counter type="METHOD" missed="1" covered="0.5"/></method><counter type="INSTRUCTION" missed="2.5" covered="200"/><counter type="BRANCH" missed="181" covered="33.5"/><counter type="LINE" missed="27.5" covered="44.5"/><counter type="COMPLEXITY" missed="42" covered="22.5"/><counter type="METHOD" missed="17" covered="5.5"/><counter type="CLASS" missed="5.5" covered="0.5"/></class><sourcefile name="Broker.java"><line nr="3.5" mi="3" ci="2.5" mb="2.5" cb="0"/><line nr="5" mi="5" ci="1" mb="1" cb="0"/><line nr="5.5" mi="5.5" ci="1.5" mb="1.5" cb="0"/><line nr="6" mi="6" ci="1.5" mb="1.5" cb="0"/><line nr="6.5" mi="6.5" ci="1.5" mb="1.5" cb="0"/><line nr="7" mi="7" ci="2" mb="2" cb="0"/><line nr="7.5" mi="7.5" ci="0.5" mb="0.5" cb="0"/><line nr="9.5" mi="9.5" ci="3" mb="3" cb="0"/><line nr="11.5" mi="11.5" ci="5" mb="5.5" cb="1"/><line nr="12.5" mi="12" ci="2.5" mb="2.5" cb="1"/><line nr="13.5" mi="12.5" ci="1" mb="1" cb="0"/><line nr="13" mi="14" ci="1" mb="0" cb="0"/><line nr="15" mi="15" ci="3.5" mb="3.5" cb="0"/><line nr="15.5" mi="15.5" ci="5" mb="5" cb="1"/><line nr="17" mi="16" ci="4" mb="4" cb="0"/><line nr="16.5" mi="16.5" ci="1.5" mb="1.5" cb="0"/><line nr="18.5" mi="18.5" ci="1.5" mb="1.5" cb="1"/><line nr="20" mi="19" ci="3.5" mb="3.5" cb="0"/><line nr="19.5" mi="19.5" ci="0.5" mb="0.5" cb="0"/><line nr="21" mi="21" ci="1.5" mb="1.5" cb="1"/><line nr="22.5" mi="21.5" ci="3.5" mb="3.5" cb="0"/><line nr="22" mi="22" ci="0.5" mb="0.5" cb="0"/><line nr="23.5" mi="23.5" ci="3.5" mb="3.5" cb="0"/><line nr="24" mi="24" ci="3.5" mb="3.5" cb="0"/><line nr="24.5" mi="24.5" ci="0.5" mb="0.5" cb="0"/><line nr="26" mi="26" ci="3.5" mb="3.5" cb="0"/><line nr="26.5" mi="26.5" ci="2" mb="2" cb="1"/><line nr="28" mi="27" ci="3.5" mb="3.5" cb="0"/><line nr="27.5" mi="27.5" ci="0.5" mb="0.5" cb="0"/><line nr="29" mi="29" ci="6" mb="6" cb="2"/><line nr="33" mi="31" ci="3.5" mb="3.5" cb="0"/><line nr="31.5" mi="31.5" ci="3.5" mb="3.5" cb="0"/><line nr="32" mi="32" ci="0.5" mb="0.5" cb="0"/><line nr="33.5" mi="33.5" ci="3.5" mb="3.5" cb="0"/><line nr="34" mi="34" ci="2" mb="2" cb="1.5"/><line nr="35" mi="34.5" ci="3.5" mb="3.5" cb="0"/><line nr="35" mi="35" ci="0.5" mb="0.5" cb="0"/><counter type="INSTRUCTION" missed="1" covered="88"/><counter type="BRANCH" missed="87.5" covered="9.5"/><counter type="LINE" missed="8.5" covered="18.5"/><counter type="COMPLEXITY" missed="18.5" covered="11"/><counter type="METHOD" missed="9.5" covered="6"/><counter type="CLASS" missed="6" covered="0.5"/></sourcefile><sourcefile name="Environment.java"><line nr="2.5" mi="2" ci="1.5" mb="1.5" cb="0"/><line nr="7.5" mi="7.5" ci="8" mb="8" cb="0"/><line nr="12.5" mi="12.5" ci="1.5" mb="1.5" cb="0"/><line nr="13" mi="13" ci="0.5" mb="0.5" cb="0"/><line nr="14.5" mi="14.5" ci="1.5" mb="1.5" cb="0"/><line nr="15" mi="15" ci="0.5" mb="0.5" cb="0"/><line nr="16.5" mi="16.5" ci="1.5" mb="1.5" cb="0"/><line nr="17" mi="17" ci="0.5" mb="0.5" cb="0"/><line nr="18.5" mi="18.5" ci="1.5" mb="1.5" cb="0"/><line nr="19" mi="19" ci="0.5" mb="0.5" cb="0"/><line nr="20.5" mi="20.5" ci="1.5" mb="1.5" cb="0"/><line nr="21" mi="21" ci="0.5" mb="0.5" cb="0"/><line nr="22.5" mi="22.5" ci="1.5" mb="1.5" cb="0"/><line nr="23" mi="23" ci="0.5" mb="0.5" cb="0"/><line nr="24.5" mi="24.5" ci="1.5" mb="1.5" cb="0"/><line nr="25" mi="25" ci="0.5" mb="0.5" cb="0"/><line nr="26.5" mi="26.5" ci="3" mb="3.5" cb="1"/><line nr="27.5" mi="27" ci="5.5" mb="5.5" cb="0"/><line nr="27.5" mi="27.5" ci="5.5" mb="5.5" cb="0"/><line nr="28" mi="28" ci="6" mb="6" cb="2"/><line nr="31.5" mi="30.5" ci="1" mb="0" cb="0"/><line nr="31.5" mi="31.5" ci="3" mb="3" cb="1.5"/><line nr="32.5" mi="32" ci="1.5" mb="1.5" cb="1"/><line nr="33.5" mi="32.5" ci="2" mb="2" cb="0"/><line nr="33" mi="33" ci="2" mb="2" cb="0"/><line nr="33.5" mi="33.5" ci="4" mb="4" cb="0"/><line nr="34" mi="34" ci="6" mb="6" cb="1"/><line nr="36.5" mi="35.5" ci="1" mb="1" cb="0"/><line nr="37" mi="37" ci="2" mb="0" cb="0"/><counter type="INSTRUCTION" missed="1" covered="66"/><counter type="BRANCH" missed="63.5" covered="6.5"/><counter type="LINE" missed="5.5" covered="15"/><counter type="COMPLEXITY" missed="14" covered="9"/><counter type="METHOD" missed="7.5" covered="5.5"/><counter type="CLASS" missed="5.5" covered="0.5"/></sourcefile><sourcefile name="MatchingEngine.java"><line nr="6.5" mi="6" ci="1" mb="1" cb="0"/><line nr="6.5" mi="6.5" ci="1.5" mb="1.5" cb="0"/><line nr="7" mi="7" ci="2.5" mb="2.5" cb="0"/><line nr="7.5" mi="7.5" ci="2.5" mb="2.5" cb="0"/><line nr="8" mi="8" ci="0.5" mb="0.5" cb="0"/><line nr="9.5" mi="9.5" ci="1.5" mb="1.5" cb="0"/><line nr="10" mi="10" ci="1.5" mb="1.5" cb="0"/><line nr="10.5" mi="10.5" ci="5" mb="5" cb="1"/><line nr="12" mi="11" ci="1.5" mb="1.5" cb="0"/><line nr="11.5" mi="11.5" ci="0.5" mb="0.5" cb="0"/><line nr="13" mi="13" ci="2" mb="2" cb="0"/><line nr="13.5" mi="13.5" ci="2.5" mb="2.5" cb="0"/><line nr="14" mi="14" ci="3" mb="3.5" cb="2"/><line nr="16" mi="14.5" ci="2" mb="2" cb="0"/><line nr="15" mi="15" ci="1.5" mb="1.5" cb="0"/><line nr="16.5" mi="16.5" ci="1" mb="1" cb="0"/><line nr="17" mi="17" ci="0.5" mb="0.5" cb="0"/><line nr="18.5" mi="18.5" ci="2" mb="2" cb="0"/><line nr="19" mi="19" ci="2.5" mb="2.5" cb="0"/><line nr="19.5" mi="19.5" ci="12" mb="13.5" cb="5.5"/><line nr="24.5" mi="21.5" ci="5" mb="0" cb="0"/><line nr="22" mi="22" ci="4" mb="0" cb="0"/><line nr="22.5" mi="22.5" ci="4" mb="0" cb="0"/><line nr="23" mi="23" ci="4" mb="0" cb="2"/><line nr="23.5" mi="23.5" ci="5" mb="0" cb="0"/><line nr="24" mi="24" ci="3" mb="0" cb="0"/><line nr="24.5" mi="24.5" ci="1" mb="0" cb="0"/><line nr="25" mi="25" ci="1" mb="1" cb="0"/><line nr="25.5" mi="25.5" ci="0.5" mb="0.5" cb="0"/><line nr="27" mi="27" ci="2" mb="2" cb="0"/><line nr="27.5" mi="27.5" ci="2" mb="2" cb="0"/><line nr="28" mi="28" ci="1.5" mb="1.5" cb="0"/><line nr="28.5" mi="28.5" ci="0.5" mb="0.5" cb="0"/><line nr="30" mi="30" ci="1" mb="1" cb="0"/><line nr="30.5" mi="30.5" ci="5.5" mb="5.5" cb="1"/><line nr="32" mi="31" ci="3" mb="3" cb="0"/><line nr="31.5" mi="31.5" ci="1" mb="1" cb="0"/><line nr="33.5" mi="33.5" ci="5.5" mb="6" cb="2"/><line nr="35.5" mi="34" ci="2.5" mb="2.5" cb="1"/><line nr="35.5" mi="34.5" ci="1" mb="1" cb="1.5"/><line nr="36" mi="35.5" ci="1.5" mb="1.5" cb="0"/><line nr="36" mi="36" ci="1.5" mb="1.5" cb="0"/><line nr="36.5" mi="36.5" ci="4.5" mb="5" cb="2.5"/><line nr="40.5" mi="37.5" ci="1" mb="1" cb="0"/><line nr="38" mi="38" ci="1" mb="1" cb="0"/><line nr="39" mi="41" ci="4" mb="7.5" cb="2"/><line nr="42.5" mi="40" ci="3" mb="3.5" cb="2"/><line nr="42" mi="40.5" ci="2" mb="2" cb="0"/><line nr="41" mi="41" ci="1.5" mb="1.5" cb="0"/><line nr="41.5" mi="41.5" ci="1" mb="1" cb="0"/><line nr="43" mi="43" ci="1" mb="1" cb="0"/><line nr="44" mi="44" ci="1" mb="1" cb="0"/><line nr="46" mi="46" ci="4.5" mb="4.5" cb="1"/><line nr="47.5" mi="46.5" ci="4.5" mb="4.5" cb="1"/><line nr="48" mi="47" ci="3.5" mb="3.5" cb="1"/><line nr="48.5" mi="47.5" ci="2" mb="2" cb="2"/><line nr="50" mi="48" ci="2.5" mb="2.5" cb="1"/><line nr="49.5" mi="48.5" ci="3" mb="3" cb="0"/><line nr="49" mi="49" ci="1" mb="1" cb="1"/><line nr="50.5" mi="49.5" ci="2" mb="2" cb="1"/><line nr="51.5" mi="50.5" ci="2" mb="2" cb="0"/><line nr="51" mi="51" ci="2" mb="2" cb="0"/><line nr="52" mi="52" ci="5" mb="5" cb="0"/><line nr="52.5" mi="52.5" ci="1.5" mb="1.5" cb="0"/><line nr="54.5" mi="54.5" ci="0.5" mb="0.5" cb="0"/><line nr="56" mi="56" ci="2" mb="2" cb="1"/><line nr="57.5" mi="56.5" ci="5" mb="5" cb="0"/><line nr="57" mi="57" ci="1" mb="1" cb="0"/><line nr="57.5" mi="57.5" ci="2" mb="2" cb="0"/><line nr="58" mi="58" ci="2.5" mb="2.5" cb="0"/><line nr="58.5" mi="58.5" ci="0.5" mb="0.5" cb="0"/><line nr="59" mi="59" ci="0.5" mb="0.5" cb="0"/><line nr="61" mi="61" ci="5" mb="5" cb="1"/><line nr="62.5" mi="61.5" ci="3" mb="3" cb="0"/><line nr="62" mi="62" ci="2" mb="2" cb="0"/><line nr="62.5" mi="62.5" ci="2" mb="2" cb="0"/><line nr="63" mi="63" ci="3" mb="3" cb="0"/><line nr="63.5" mi="63.5" ci="1" mb="1" cb="0"/><line nr="65.5" mi="65.5" ci="4" mb="4" cb="0"/><line nr="66" mi="66" ci="5.5" mb="5.5" cb="1"/><line nr="67.5" mi="66.5" ci="2.5" mb="2.5" cb="0"/><line nr="67" mi="67" ci="1.5" mb="1.5" cb="0"/><counter type="INSTRUCTION" missed="2" covered="200"/><counter type="BRANCH" missed="181" covered="33.5"/><counter type="LINE" missed="27.5" covered="44.5"/><counter type="COMPLEXITY" missed="42" covered="22.5"/><counter type="METHOD" missed="17" covered="5.5"/><counter type="CLASS" missed="5.5" covered="0.5"/></sourcefile><sourcefile name="ART_ISP.java"><line nr="1" mi="2" ci="1.5" mb="0" cb="0"/><line nr="2" mi="4" ci="2" mb="0" cb="0"/><line nr="2.5" mi="3.5" ci="1" mb="0" cb="0"/><line nr="3" mi="11" ci="8" mb="1" cb="1"/><line nr="3.5" mi="5" ci="1.5" mb="0" cb="0"/><line nr="4" mi="6.5" ci="2.5" mb="1" cb="1"/><line nr="4.5" mi="6" ci="1.5" mb="0" cb="0"/><line nr="5" mi="6" ci="1" mb="0" cb="0"/><line nr="6.5" mi="7.5" ci="1" mb="0" cb="0"/><line nr="7" mi="8" ci="1" mb="0" cb="0"/><counter type="INSTRUCTION" missed="21" covered="21"/><counter type="BRANCH" missed="2" covered="2"/><counter type="LINE" missed="5" covered="5"/><counter type="COMPLEXITY" missed="2" covered="2"/><counter type="METHOD" missed="1" covered="1"/><counter type="CLASS" missed="0.5" covered="0.5"/></sourcefile><sourcefile name="Shareholder.java"><line nr="3" mi="3" ci="2.5" mb="2.5" cb="0"/><line nr="6" mi="6" ci="1" mb="1" cb="0"/><line nr="6.5" mi="6.5" ci="1.5" mb="1.5" cb="0"/><line nr="7" mi="7" ci="1.5" mb="1.5" cb="0"/><line nr="7.5" mi="7.5" ci="1.5" mb="1.5" cb="0"/><line nr="8" mi="8" ci="1.5" mb="1.5" cb="0"/><line nr="8.5" mi="8.5" ci="2" mb="2" cb="0"/><line nr="9" mi="9" ci="0.5" mb="0.5" cb="0"/><line nr="11" mi="11" ci="3" mb="3" cb="0"/><line nr="13" mi="13" ci="5" mb="5.5" cb="1"/><line nr="14" mi="13.5" ci="2.5" mb="2.5" cb="1"/><line nr="15" mi="14" ci="1" mb="1" cb="0"/><line nr="14.5" mi="15.5" ci="1" mb="0" cb="0"/><line nr="16.5" mi="16.5" ci="3.5" mb="3.5" cb="0"/><line nr="17" mi="17" ci="5" mb="5" cb="1"/><line nr="18.5" mi="17.5" ci="4" mb="4" cb="0"/><line nr="18" mi="18" ci="1.5" mb="1.5" cb="0"/><line nr="20" mi="20" ci="1.5" mb="1.5" cb="1"/><line nr="21.5" mi="20.5" ci="4" mb="4" cb="0"/><line nr="21.5" mi="21.5" ci="3.5" mb="3.5" cb="0"/><line nr="22" mi="22" ci="0.5" mb="0.5" cb="0"/><line nr="23.5" mi="23.5" ci="1.5" mb="1.5" cb="1"/><line nr="25" mi="24" ci="4" mb="4" cb="0"/><line nr="25" mi="25" ci="3.5" mb="3.5" cb="0"/><line nr="25.5" mi="25.5" ci="0.5" mb="0.5" cb="0"/><line nr="27" mi="27" ci="3.5" mb="3.5" cb="0"/><line nr="27.5" mi="27.5" ci="3.5" mb="3.5" cb="0"/><line nr="28" mi="28" ci="2" mb="2" cb="1"/><line nr="29.5" mi="28.5" ci="3.5" mb="3.5" cb="0"/><line nr="29" mi="29" ci="0.5" mb="0.5" cb="0"/><line nr="30.5" mi="30.5" ci="3.5" mb="3.5" cb="0"/><line nr="31" mi="31" ci="2" mb="2" cb="1"/><line nr="32.5" mi="31.5" ci="3.5" mb="3.5" cb="0"/><line nr="32" mi="32" ci="0.5" mb="0.5" cb="0"/><line nr="33.5" mi="33.5" ci="6.5" mb="5.5" cb="2.5"/><line nr="37" mi="35.5" ci="3.5" mb="3.5" cb="0"/><line nr="36" mi="36" ci="3.5" mb="3.5" cb="0"/><line nr="36.5" mi="36.5" ci="2" mb="2" cb="1.5"/><line nr="37.5" mi="37" ci="7" mb="0" cb="0"/><line nr="37.5" mi="37.5" ci="0.5" mb="0.5" cb="0"/><line nr="39" mi="39" ci="3.5" mb="3.5" cb="0"/><line nr="39.5" mi="39.5" ci="2" mb="2" cb="1.5"/><line nr="40.5" mi="40" ci="7" mb="0" cb="0"/><line nr="40.5" mi="40.5" ci="0.5" mb="0.5" cb="0"/><counter type="INSTRUCTION" missed="1" covered="116"/><counter type="BRANCH" missed="100.5" covered="12.5"/><counter type="LINE" missed="9.5" covered="23"/><counter type="COMPLEXITY" missed="21" covered="13"/><counter type="METHOD" missed="9.5" covered="6"/><counter type="CLASS" missed="6" covered="0.5"/></sourcefile><sourcefile name="Trade.java"><line nr="5.5" mi="5" ci="1" mb="1" cb="0"/><line nr="5.5" mi="5.5" ci="1.5" mb="1.5" cb="0"/><line nr="6" mi="6" ci="1.5" mb="1.5" cb="0"/><line nr="6.5" mi="6.5" ci="1.5" mb="1.5" cb="0"/><line nr="7" mi="7" ci="2" mb="2" cb="0"/><line nr="7.5" mi="7.5" ci="3" mb="3" cb="0"/><line nr="8.5" mi="8.5" ci="1.5" mb="1.5" cb="0"/><line nr="9" mi="9" ci="1.5" mb="1.5" cb="0"/><line nr="10" mi="10" ci="2" mb="2" cb="0"/><line nr="10.5" mi="10.5" ci="2" mb="2" cb="0"/><line nr="11" mi="11" ci="2" mb="2" cb="0"/><line nr="11.5" mi="11.5" ci="2" mb="2" cb="0"/><line nr="12" mi="12" ci="0.5" mb="0.5" cb="0"/><line nr="14" mi="14" ci="6" mb="6" cb="0"/><line nr="16" mi="16" ci="6" mb="6" cb="1"/><line nr="19" mi="18" ci="2" mb="2" cb="0"/><line nr="18.5" mi="18.5" ci="2" mb="2" cb="0"/><line nr="19" mi="19" ci="2.5" mb="2.5" cb="0"/><line nr="19.5" mi="19.5" ci="2.5" mb="2.5" cb="0"/><line nr="20" mi="20" ci="2.5" mb="2.5" cb="0"/><line nr="20.5" mi="20.5" ci="2.5" mb="2.5" cb="0"/><line nr="21" mi="21" ci="0.5" mb="0.5" cb="0"/><counter type="INSTRUCTION" missed="0" covered="48.5"/><counter type="BRANCH" missed="48.5" covered="1"/><counter type="LINE" missed="1" covered="11"/><counter type="COMPLEXITY" missed="11" covered="2.5"/><counter type="METHOD" missed="2.5" covered="2"/><counter type="CLASS" missed="2" covered="0.5"/></sourcefile><sourcefile name="RT.java"><line nr="1" mi="2" ci="1.5" mb="0" cb="0"/><line nr="2" mi="5.5" ci="3.5" mb="0" cb="0"/><counter type="INSTRUCTION" missed="5" covered="5"/><counter type="LINE" missed="1" covered="1"/><counter type="COMPLEXITY" missed="1" covered="1"/><counter type="METHOD" missed="1" covered="1"/><counter type="CLASS" missed="0.5" covered="0.5"/></sourcefile><sourcefile name="OrderBook.java"><line nr="3" mi="3" ci="1" mb="1" cb="0"/><line nr="3.5" mi="3.5" ci="2.5" mb="2.5" cb="0"/><line nr="4" mi="4" ci="3" mb="3" cb="0"/><line nr="5.5" mi="5.5" ci="2" mb="2" cb="0"/><line nr="6" mi="6" ci="5" mb="5" cb="1"/><line nr="7.5" mi="6.5" ci="3" mb="3" cb="0"/><line nr="7" mi="7" ci="1.5" mb="1.5" cb="0"/><line nr="9.5" mi="9.5" ci="5.5" mb="5.5" cb="0"/><line nr="10" mi="10" ci="3" mb="3" cb="0"/><line nr="12" mi="12" ci="1.5" mb="1.5" cb="1"/><line nr="13.5" mi="12.5" ci="2.5" mb="2.5" cb="0"/><line nr="13" mi="13" ci="1.5" mb="1.5" cb="0"/><line nr="14.5" mi="14.5" ci="2.5" mb="2.5" cb="0"/><line nr="15" mi="15" ci="1" mb="1" cb="0"/><line nr="16" mi="16" ci="1" mb="1" cb="0"/><line nr="16.5" mi="16.5" ci="0.5" mb="0.5" cb="0"/><line nr="18" mi="18" ci="1.5" mb="1.5" cb="1"/><line nr="19.5" mi="18.5" ci="2.5" mb="2.5" cb="0"/><line nr="19" mi="19" ci="1.5" mb="1.5" cb="0"/><line nr="20.5" mi="20.5" ci="2.5" mb="2.5" cb="0"/><line nr="21" mi="21" ci="1" mb="1" cb="0"/><line nr="22" mi="22" ci="1" mb="1" cb="0"/><line nr="22.5" mi="22.5" ci="0.5" mb="0.5" cb="0"/><line nr="24" mi="27" ci="5" mb="2" cb="0"/><line nr="24.5" mi="24.5" ci="0.5" mb="0.5" cb="0"/><line nr="26" mi="26" ci="4" mb="4" cb="0"/><line nr="26.5" mi="26.5" ci="0.5" mb="0.5" cb="0"/><line nr="28" mi="28" ci="5" mb="5" cb="1"/><line nr="29.5" mi="28.5" ci="2" mb="2" cb="1"/><line nr="30" mi="29" ci="1" mb="1" cb="0"/><line nr="29.5" mi="29.5" ci="1" mb="1" cb="0"/><line nr="31.5" mi="31.5" ci="2.5" mb="2.5" cb="0"/><line nr="33.5" mi="33.5" ci="2.5" mb="2.5" cb="0"/><line nr="35.5" mi="35.5" ci="2" mb="2" cb="0"/><line nr="36" mi="36" ci="2" mb="2" cb="0"/><line nr="36.5" mi="36.5" ci="0.5" mb="0.5" cb="0"/><line nr="38" mi="38" ci="1" mb="1" cb="0"/><line nr="38.5" mi="38.5" ci="2" mb="2" cb="1"/><line nr="40" mi="39" ci="3" mb="3" cb="1"/><line nr="40.5" mi="39.5" ci="3.5" mb="3.5" cb="0"/><line nr="40.5" mi="40.5" ci="1" mb="1" cb="0"/><line nr="41.5" mi="41.5" ci="0.5" mb="0.5" cb="0"/><line nr="43" mi="43" ci="2" mb="2" cb="1.5"/><line nr="44" mi="43.5" ci="6" mb="0" cb="0"/><line nr="44" mi="44" ci="7" mb="0" cb="0"/><line nr="45.5" mi="45.5" ci="3" mb="3" cb="0"/><line nr="46" mi="46" ci="3" mb="3" cb="0"/><line nr="47" mi="47" ci="0.5" mb="0.5" cb="0"/><line nr="48.5" mi="48.5" ci="5" mb="5" cb="1"/><line nr="50" mi="49" ci="2.5" mb="2.5" cb="1"/><line nr="50.5" mi="49.5" ci="1" mb="1" cb="0"/><line nr="50" mi="50" ci="1" mb="1" cb="0"/><line nr="52" mi="52" ci="3" mb="3" cb="0"/><line nr="52.5" mi="53.5" ci="5" mb="4.5" cb="1"/><line nr="55" mi="56" ci="7.5" mb="0.5" cb="1.5"/><line nr="55" mi="55" ci="8" mb="0.5" cb="1.5"/><line nr="55.5" mi="55.5" ci="8" mb="0" cb="2"/><line nr="56" mi="56" ci="2" mb="0" cb="0"/><line nr="56.5" mi="57.5" ci="1" mb="0" cb="0"/><line nr="58.5" mi="58.5" ci="3" mb="0.5" cb="1.5"/><line nr="59" mi="62" ci="3" mb="0" cb="0"/><line nr="60" mi="60" ci="5" mb="0" cb="0"/><line nr="60.5" mi="60.5" ci="2" mb="0" cb="0"/><line nr="61" mi="61" ci="1" mb="0" cb="0"/><counter type="INSTRUCTION" missed="9.5" covered="166.5"/><counter type="BRANCH" missed="111" covered="18"/><counter type="LINE" missed="11" covered="37"/><counter type="COMPLEXITY" missed="28.5" covered="19"/><counter type="METHOD" missed="13" covered="10.5"/><counter type="CLASS" missed="8" covered="0.5"/></sourcefile><sourcefile name="SelectionMethod.java"><line nr="2" mi="3" ci="1.5" mb="0" cb="0"/><line nr="3" mi="4" ci="1" mb="0" cb="0"/><line nr="5" mi="7" ci="2" mb="0" cb="0"/><line nr="5.5" mi="7.5" ci="2" mb="0" cb="0"/><line nr="6" mi="9" ci="3" mb="0" cb="0"/><line nr="6.5" mi="9.5" ci="3" mb="0" cb="0"/><line nr="7" mi="12" ci="5" mb="1" cb="1"/><line nr="7.5" mi="13" ci="5.5" mb="1" cb="1"/><line nr="8" mi="11.5" ci="3.5" mb="1" cb="1"/><line nr="8.5" mi="10.5" ci="2" mb="0" cb="0"/><line nr="9" mi="10" ci="1" mb="0" cb="0"/><counter type="INSTRUCTION" missed="29.5" covered="29.5"/><counter type="BRANCH" missed="3" covered="3"/><counter type="LINE" missed="5.5" covered="5.5"/><counter type="COMPLEXITY" missed="3" covered="3"/><counter type="METHOD" missed="1.5" covered="1.5"/><counter type="CLASS" missed="0.5" covered="0.5"/></sourcefile><sourcefile name="Order.java"><line nr="3.5" mi="3.5" ci="3" mb="3" cb="0"/><line nr="10.5" mi="10.5" ci="1" mb="1" cb="0"/><line nr="11" mi="11" ci="2" mb="2" cb="0"/><line nr="11.5" mi="11.5" ci="2" mb="2" cb="0"/><line nr="12" mi="12" ci="2" mb="2" cb="0"/><line nr="12.5" mi="12.5" ci="1.5" mb="1.5" cb="0"/><line nr="13" mi="13" ci="1.5" mb="1.5" cb="0"/><line nr="13.5" mi="13.5" ci="1.5" mb="1.5" cb="0"/><line nr="14" mi="14" ci="1.5" mb="1.5" cb="0"/><line nr="14.5" mi="14.5" ci="1.5" mb="1.5" cb="0"/><line nr="15" mi="15" ci="1.5" mb="1.5" cb="0"/><line nr="15.5" mi="15.5" ci="1.5" mb="1.5" cb="0"/><line nr="16" mi="16" ci="1.5" mb="1.5" cb="0"/><line nr="16.5" mi="16.5" ci="1.5" mb="1.5" cb="0"/><line nr="17" mi="17" ci="0.5" mb="0.5" cb="0"/><line nr="18.5" mi="18.5" ci="2.5" mb="2.5" cb="0"/><line nr="19" mi="19" ci="0.5" mb="0.5" cb="0"/><line nr="20.5" mi="20.5" ci="1.5" mb="1.5" cb="0"/><line nr="21" mi="21" ci="0.5" mb="0.5" cb="0"/><line nr="22.5" mi="22.5" ci="3" mb="3" cb="0"/><line nr="24.5" mi="24.5" ci="1" mb="1" cb="0"/><line nr="25" mi="25" ci="2" mb="2" cb="0"/><line nr="25.5" mi="25.5" ci="2" mb="2" cb="0"/><line nr="26" mi="26" ci="1.5" mb="1.5" cb="0"/><line nr="26.5" mi="26.5" ci="0.5" mb="0.5" cb="0"/><line nr="28" mi="28" ci="2" mb="2" cb="0"/><line nr="28.5" mi="28.5" ci="2" mb="2" cb="0"/><line nr="29" mi="29" ci="1.5" mb="1.5" cb="0"/><line nr="29.5" mi="29.5" ci="0.5" mb="0.5" cb="0"/><line nr="31" mi="31" ci="1.5" mb="1.5" cb="1"/><line nr="32.5" mi="31.5" ci="6.5" mb="6.5" cb="0"/><line nr="32" mi="32" ci="0.5" mb="0.5" cb="0"/><line nr="33.5" mi="34" ci="6.5" mb="7" cb="3"/><line nr="36" mi="34.5" ci="7" mb="7.5" cb="2"/><line nr="35.5" mi="35" ci="4" mb="4.5" cb="2"/><line nr="37.5" mi="36.5" ci="4.5" mb="4.5" cb="1"/><line nr="39.5" mi="38.5" ci="3.5" mb="3.5" cb="0"/><line nr="39" mi="39" ci="3" mb="3" cb="2"/><line nr="41.5" mi="39.5" ci="3.5" mb="3.5" cb="0"/><line nr="40" mi="40" ci="1" mb="1" cb="0"/><line nr="41" mi="41" ci="0.5" mb="0.5" cb="0"/><line nr="42.5" mi="42.5" ci="3.5" mb="3.5" cb="0"/><line nr="43" mi="43" ci="3" mb="3" cb="2"/><line nr="45.5" mi="43.5" ci="3.5" mb="3.5" cb="0"/><line nr="44" mi="44" ci="1" mb="1" cb="0"/><line nr="45" mi="45" ci="0.5" mb="0.5" cb="0"/><line nr="47" mi="47" ci="9.5" mb="9.5" cb="1"/><line nr="48.5" mi="47.5" ci="4" mb="4" cb="1"/><line nr="49" mi="48" ci="4.5" mb="4.5" cb="1"/><counter type="INSTRUCTION" missed="2.5" covered="116.5"/><counter type="BRANCH" missed="118" covered="16"/><counter type="LINE" missed="13" covered="24.5"/><counter type="COMPLEXITY" missed="27.5" covered="14.5"/><counter type="METHOD" missed="11.5" covered="6.5"/><counter type="CLASS" missed="6.5" covered="0.5"/></sourcefile><counter type="INSTRUCTION" missed="72" covered="857"/><counter type="BRANCH" missed="715" covered="102"/><counter type="LINE" missed="87.5" covered="185"/><counter type="COMPLEXITY" missed="168.5" covered="97.5"/><counter type="METHOD" missed="74" covered="45.5"/><counter type="CLASS" missed="41" covered="5"/></package><counter type="INSTRUCTION" missed="75" covered="857"/><counter type="BRANCH" missed="715" covered="102"/><counter type="LINE" missed="87.5" covered="185"/><counter type="COMPLEXITY" missed="168.5" covered="97.5"/><counter type="METHOD" missed="74" covered="45.5"/><counter type="CLASS" missed="41" covered="5"/></report>
3"/></report>
