GROUP,PACKAGE,CLASS,INSTRUCTION_MISSED,INSTRUCTION_COVERED,BRANCH_MISSED,BRANCH_COVERED,LINE_MISSED,LINE_COVERED,COMPLEXITY_MISSED,COMPLEXITY_COVERED,METHOD_MISSED,METHOD_COVERED
MatchingEngine,default,Order,12.6,268.4,7.8,24.2,2,59,7.6,21.4,0.2,12.8
MatchingEngine,default,Trade,7.4,105.6,0.2,1.8,1.6,24.4,0.4,4.6,0.2,3.8
MatchingEngine,default,Broker,11.9,208.1,2.6,15.4,3,45,2.8,18.2,0.4,11.6
MatchingEngine,default,OrderBook,45.7,303.29,6.1,23.9,7.9,72.1,7,27,1.8,17.2
MatchingEngine,default,Shareholder,27.1,233.9,4.1,17.9,5.2,49.8,4.1,18.9,0.4,11.6
MatchingEngine,default,Environment,2.2,167.8,1.1,10.9,1.1,37.9,1.1,15.9,0,11
MatchingEngine,default,MatchingEngine,12.3,409.7,9.39,56.6,2.6,90.4,8.8,35.2,0,11
