GROUP,PACKAGE,CLASS,INSTRUCTION_MISSED,INSTRUCTION_COVERED,BRANCH_MISSED,BRANCH_COVERED,LINE_MISSED,LINE_COVERED,COMPLEXITY_MISSED,COMPLEXITY_COVERED,METHOD_MISSED,METHOD_COVERED
MatchingEngine,default,Order,12.9,268.1,7.5,24.5,2.2,58.8,7.3,21.7,0.2,12.8
MatchingEngine,default,Trade,7.4,101.6,0.2,1.8,1.6,23.4,0.4,4.6,0.2,3.8
MatchingEngine,default,Broker,11.1,208.9,2.4,15.6,2.9,45.1,2.6,18.4,0.4,11.6
MatchingEngine,default,OrderBook,51.3,297.7,6.7,23.3,10,70,7,27,1.9,17.1
MatchingEngine,default,Shareholder,26.2,234.8,3.9,18.1,5.1,49.9,3.9,19.1,0.4,11.6
MatchingEngine,default,Environment,2.4,167.6,1.2,10.8,1.2,37.8,1.2,15.8,0,11
MatchingEngine,default,MatchingEngine,16.1,405.9,9.8,56.2,3.2,89.8,8.89,35.09,0,11
