GROUP,PACKAGE,CLASS,INSTRUCTION_MISSED,INSTRUCTION_COVERED,BRANCH_MISSED,BRANCH_COVERED,LINE_MISSED,LINE_COVERED,COMPLEXITY_MISSED,COMPLEXITY_COVERED,METHOD_MISSED,METHOD_COVERED
MatchingEngine,default,Order,3,220,4,24,1,50,4,23,0,13
MatchingEngine,default,Trade,2.66,94.33,0.66,1.33,0.66,23.33,0.66,4.33,0,4
MatchingEngine,default,Broker,6.66,169.33,3,15,1.66,35.33,3,18,0,12
MatchingEngine,default,OrderBook,34,251,4.66,25.33,6.66,57.33,5.66,28.33,1.33,17.66
MatchingEngine,default,Shareholder,27,190,5.33,16.66,4.33,39.66,5.33,17.66,0,12
MatchingEngine,default,Environment,0.66,129.33,0.33,11.66,0.33,28.66,0.33,16.66,0,11
MatchingEngine,default,MatchingEngine,1.66,376.33,8.66,57.33,0.33,81.66,8.66,35.33,0,11
