GROUP,PACKAGE,CLASS,INSTRUCTION_MISSED,INSTRUCTION_COVERED,BRANCH_MISSED,BRANCH_COVERED,LINE_MISSED,LINE_COVERED,COMPLEXITY_MISSED,COMPLEXITY_COVERED,METHOD_MISSED,METHOD_COVERED
MatchingEngine,default,Order,3.3,277.7,6.5,25.5,0,61,6.5,22.5,0,13
MatchingEngine,default,Trade,2,111,0.5,1.5,0,26,0.5,4.5,0,4
MatchingEngine,default,Broker,8.3,211.7,3.4,14.6,1.9,46.1,3.4,17.6,0,12
MatchingEngine,default,OrderBook,51.9,297.1,6.7,23.3,9.7,70.3,8.1,25.9,1.9,17.1
MatchingEngine,default,Shareholder,30.5,230.5,5.2,16.79,4.9,50.1,5.2,17.79,0,12
MatchingEngine,default,Environment,2.2,167.8,1.1,10.9,1.1,37.9,1.1,15.9,0,11
MatchingEngine,default,MatchingEngine,3.7,418.3,8.7,57.3,0.5,92.5,8.39,35.59,0,11
